INFO	2024-06-05 14:58:23	MergeSamFiles	

********** NOTE: Picard's command line syntax is changing.
**********
********** For more information, please see:
********** 
https://github.com/broadinstitute/picard/wiki/Command-Line-Syntax-Transition-For-Users-(Pre-Transition)
**********
********** The command line looks like this in the new syntax:
**********
**********    MergeSamFiles -I test_R_pe.bam -I test_R_se.bam -O test_R_mrgd.bam
**********


jun 05, 2024 2:58:23 P. M. com.intel.gkl.NativeLibraryLoader load
INFO: Loading libgkl_compression.dylib from jar:file:/Users/fabio/newcloud/reviveandrestore/mapping.capture/software/picard/build/libs/picard.jar!/com/intel/gkl/native/libgkl_compression.dylib
jun 05, 2024 2:58:23 P. M. com.intel.gkl.NativeLibraryLoader load
WARNING: Unable to load libgkl_compression.dylib from native/libgkl_compression.dylib (Can't load library: /Users/fabio/newcloud/reviveandrestore/mapping.capture/output/temp/fabio/libgkl_compression18115068530905881093.dylib)
jun 05, 2024 2:58:23 P. M. com.intel.gkl.NativeLibraryLoader load
INFO: Loading libgkl_compression.dylib from jar:file:/Users/fabio/newcloud/reviveandrestore/mapping.capture/software/picard/build/libs/picard.jar!/com/intel/gkl/native/libgkl_compression.dylib
jun 05, 2024 2:58:23 P. M. com.intel.gkl.NativeLibraryLoader load
WARNING: Unable to load libgkl_compression.dylib from native/libgkl_compression.dylib (Can't load library: /Users/fabio/newcloud/reviveandrestore/mapping.capture/output/temp/fabio/libgkl_compression10072407733788509224.dylib)
[Wed Jun 05 14:58:23 CEST 2024] MergeSamFiles INPUT=[test_R_pe.bam, test_R_se.bam] OUTPUT=test_R_mrgd.bam    SORT_ORDER=coordinate ASSUME_SORTED=false MERGE_SEQUENCE_DICTIONARIES=false USE_THREADING=false VERBOSITY=INFO QUIET=false VALIDATION_STRINGENCY=STRICT COMPRESSION_LEVEL=5 MAX_RECORDS_IN_RAM=500000 CREATE_INDEX=false CREATE_MD5_FILE=false USE_JDK_DEFLATER=false USE_JDK_INFLATER=false
[Wed Jun 05 14:58:23 CEST 2024] Executing as fabio@McClintock.local on Mac OS X 14.5 aarch64; Java HotSpot(TM) 64-Bit Server VM 17.0.6+9-LTS-190; Deflater: Jdk; Inflater: Jdk; Provider GCS is available; Picard version: 3.1.1-20-gc8b2c06b2-SNAPSHOT
jun 05, 2024 2:58:23 P. M. com.intel.gkl.compression.IntelInflaterFactory makeInflater
WARNING: IntelInflater is not supported, using Java.util.zip.Inflater
jun 05, 2024 2:58:23 P. M. com.intel.gkl.compression.IntelInflaterFactory makeInflater
WARNING: IntelInflater is not supported, using Java.util.zip.Inflater
jun 05, 2024 2:58:23 P. M. com.intel.gkl.compression.IntelInflaterFactory makeInflater
WARNING: IntelInflater is not supported, using Java.util.zip.Inflater
jun 05, 2024 2:58:23 P. M. com.intel.gkl.compression.IntelInflaterFactory makeInflater
WARNING: IntelInflater is not supported, using Java.util.zip.Inflater
INFO	2024-06-05 14:58:23	MergeSamFiles	Input files are in same order as output so sorting to temp directory is not needed.
jun 05, 2024 2:58:23 P. M. com.intel.gkl.compression.IntelDeflaterFactory makeDeflater
WARNING: Intel Deflater not supported, using Java.util.zip.Deflater
INFO	2024-06-05 14:58:23	MergeSamFiles	Finished reading inputs.
[Wed Jun 05 14:58:23 CEST 2024] picard.sam.MergeSamFiles done. Elapsed time: 0,00 minutes.
Runtime.totalMemory()=142606336
