jun-05 18:51:51.068 [main] DEBUG nextflow.cli.Launcher - $> nextflow run main.nf
jun-05 18:51:51.200 [main] DEBUG nextflow.cli.CmdRun - N E X T F L O W  ~  version 24.04.2
jun-05 18:51:51.219 [main] DEBUG nextflow.plugin.PluginsFacade - Setting up plugin manager > mode=prod; embedded=false; plugins-dir=/Users/fabio/.nextflow/plugins; core-plugins: nf-amazon@2.5.2,nf-azure@1.6.0,nf-cloudcache@0.4.1,nf-codecommit@0.2.0,nf-console@1.1.3,nf-ga4gh@1.3.0,nf-google@1.13.2,nf-tower@1.9.1,nf-wave@1.4.2
jun-05 18:51:51.225 [main] INFO  o.pf4j.DefaultPluginStatusProvider - Enabled plugins: []
jun-05 18:51:51.226 [main] INFO  o.pf4j.DefaultPluginStatusProvider - Disabled plugins: []
jun-05 18:51:51.227 [main] INFO  org.pf4j.DefaultPluginManager - PF4J version 3.10.0 in 'deployment' mode
jun-05 18:51:51.235 [main] INFO  org.pf4j.AbstractPluginManager - No plugins
jun-05 18:51:51.248 [main] DEBUG nextflow.config.ConfigBuilder - Found config local: /Users/fabio/newcloud/new/mapping.capture/nextflow.config
jun-05 18:51:51.249 [main] DEBUG nextflow.config.ConfigBuilder - Parsing config file: /Users/fabio/newcloud/new/mapping.capture/nextflow.config
jun-05 18:51:51.267 [main] DEBUG n.secret.LocalSecretsProvider - Secrets store: /Users/fabio/.nextflow/secrets/store.json
jun-05 18:51:51.268 [main] DEBUG nextflow.secret.SecretsLoader - Discovered secrets providers: [nextflow.secret.LocalSecretsProvider@29a23c3d] - activable => nextflow.secret.LocalSecretsProvider@29a23c3d
jun-05 18:51:51.271 [main] DEBUG nextflow.config.ConfigBuilder - Applying config profile: `standard`
jun-05 18:51:51.491 [main] DEBUG nextflow.cli.CmdRun - Applied DSL=2 from script declaration
jun-05 18:51:51.503 [main] DEBUG nextflow.cli.CmdRun - Launching `main.nf` [lonely_sammet] DSL2 - revision: bf2c08c91c
jun-05 18:51:51.504 [main] DEBUG nextflow.plugin.PluginsFacade - Plugins default=[]
jun-05 18:51:51.504 [main] DEBUG nextflow.plugin.PluginsFacade - Plugins resolved requirement=[]
jun-05 18:51:51.539 [main] DEBUG nextflow.Session - Session UUID: 6be63909-5fcf-4737-ba94-6f2c98ce28dc
jun-05 18:51:51.539 [main] DEBUG nextflow.Session - Run name: lonely_sammet
jun-05 18:51:51.539 [main] DEBUG nextflow.Session - Executor pool size: 8
jun-05 18:51:51.545 [main] DEBUG nextflow.file.FilePorter - File porter settings maxRetries=3; maxTransfers=50; pollTimeout=null
jun-05 18:51:51.548 [main] DEBUG nextflow.util.ThreadPoolBuilder - Creating thread pool 'FileTransfer' minSize=10; maxSize=24; workQueue=LinkedBlockingQueue[10000]; allowCoreThreadTimeout=false
jun-05 18:51:51.604 [main] DEBUG nextflow.cli.CmdRun - 
  Version: 24.04.2 build 5914
  Created: 29-05-2024 06:19 UTC (08:19 CEST)
  System: Mac OS X 14.5
  Runtime: Groovy 4.0.21 on Java HotSpot(TM) 64-Bit Server VM 17.0.6+9-LTS-190
  Encoding: UTF-8 (UTF-8)
  Process: 85958@McClintock.local [127.0.0.1]
  CPUs: 8 - Mem: 8 GB (180.1 MB) - Swap: 2 GB (947.1 MB)
jun-05 18:51:51.614 [main] DEBUG nextflow.Session - Work-dir: /Users/fabio/newcloud/new/mapping.capture/work [Mac OS X]
jun-05 18:51:51.615 [main] DEBUG nextflow.Session - Script base path does not exist or is not a directory: /Users/fabio/newcloud/new/mapping.capture/bin
jun-05 18:51:51.621 [main] DEBUG nextflow.executor.ExecutorFactory - Extension executors providers=[]
jun-05 18:51:51.626 [main] DEBUG nextflow.Session - Observer factory: DefaultObserverFactory
jun-05 18:51:51.640 [main] DEBUG nextflow.cache.CacheFactory - Using Nextflow cache factory: nextflow.cache.DefaultCacheFactory
jun-05 18:51:51.646 [main] DEBUG nextflow.util.CustomThreadPool - Creating default thread pool > poolSize: 9; maxThreads: 1000
jun-05 18:51:51.681 [main] DEBUG nextflow.Session - Session start
jun-05 18:51:52.129 [main] DEBUG nextflow.script.ScriptRunner - > Launching execution
jun-05 18:51:52.229 [main] DEBUG nextflow.executor.ExecutorFactory - << taskConfig executor: null
jun-05 18:51:52.229 [main] DEBUG nextflow.executor.ExecutorFactory - >> processorType: 'local'
jun-05 18:51:52.232 [main] DEBUG nextflow.executor.Executor - [warm up] executor > local
jun-05 18:51:52.235 [main] DEBUG n.processor.LocalPollingMonitor - Creating local task monitor for executor 'local' > cpus=8; memory=8 GB; capacity=8; pollInterval=100ms; dumpInterval=5m
jun-05 18:51:52.237 [main] DEBUG n.processor.TaskPollingMonitor - >>> barrier register (monitor: local)
jun-05 18:51:52.273 [main] DEBUG nextflow.executor.ExecutorFactory - << taskConfig executor: null
jun-05 18:51:52.273 [main] DEBUG nextflow.executor.ExecutorFactory - >> processorType: 'local'
jun-05 18:51:52.279 [main] DEBUG nextflow.executor.ExecutorFactory - << taskConfig executor: null
jun-05 18:51:52.279 [main] DEBUG nextflow.executor.ExecutorFactory - >> processorType: 'local'
jun-05 18:51:52.284 [main] DEBUG nextflow.executor.ExecutorFactory - << taskConfig executor: null
jun-05 18:51:52.284 [main] DEBUG nextflow.executor.ExecutorFactory - >> processorType: 'local'
jun-05 18:51:52.294 [main] DEBUG nextflow.executor.ExecutorFactory - << taskConfig executor: null
jun-05 18:51:52.294 [main] DEBUG nextflow.executor.ExecutorFactory - >> processorType: 'local'
jun-05 18:51:52.298 [main] DEBUG nextflow.executor.ExecutorFactory - << taskConfig executor: null
jun-05 18:51:52.298 [main] DEBUG nextflow.executor.ExecutorFactory - >> processorType: 'local'
jun-05 18:51:52.303 [main] DEBUG nextflow.executor.ExecutorFactory - << taskConfig executor: null
jun-05 18:51:52.303 [main] DEBUG nextflow.executor.ExecutorFactory - >> processorType: 'local'
jun-05 18:51:52.305 [main] DEBUG nextflow.Session - Workflow process names [dsl2]: align_pe, align_se, trim, filterQuality, multiplexing, merge_sepe, rmdup, ontarget
jun-05 18:51:52.305 [main] DEBUG nextflow.Session - Igniting dataflow network (8)
jun-05 18:51:52.308 [PathVisitor-1] DEBUG nextflow.file.PathVisitor - files for syntax: glob; folder: input/; pattern: test_R{1,2}.fastq; options: [:]
jun-05 18:51:52.309 [main] DEBUG nextflow.processor.TaskProcessor - Starting process > multiplexing
jun-05 18:51:52.309 [main] DEBUG nextflow.processor.TaskProcessor - Starting process > trim
jun-05 18:51:52.309 [main] DEBUG nextflow.processor.TaskProcessor - Starting process > align_se
jun-05 18:51:52.310 [main] DEBUG nextflow.processor.TaskProcessor - Starting process > align_pe
jun-05 18:51:52.310 [main] DEBUG nextflow.processor.TaskProcessor - Starting process > merge_sepe
jun-05 18:51:52.310 [main] DEBUG nextflow.processor.TaskProcessor - Starting process > rmdup
jun-05 18:51:52.310 [main] DEBUG nextflow.processor.TaskProcessor - Starting process > filterQuality
jun-05 18:51:52.310 [main] DEBUG nextflow.script.ScriptRunner - Parsed script files:
  Script_fa677be590f06be5: /Users/fabio/newcloud/new/mapping.capture/main.nf
jun-05 18:51:52.310 [main] DEBUG nextflow.script.ScriptRunner - > Awaiting termination 
jun-05 18:51:52.310 [main] DEBUG nextflow.Session - Session await
jun-05 18:51:52.419 [Task submitter] DEBUG n.executor.local.LocalTaskHandler - Launch cmd line: /bin/bash -ue .command.run
jun-05 18:51:52.420 [Task submitter] INFO  nextflow.Session - [04/185713] Submitted process > multiplexing (test_R)
jun-05 18:51:52.452 [Task monitor] DEBUG n.processor.TaskPollingMonitor - Task completed > TaskHandler[id: 1; name: multiplexing (test_R); status: COMPLETED; exit: 0; error: -; workDir: /Users/fabio/newcloud/new/mapping.capture/work/04/185713e4ed10eca221514c337718f3]
jun-05 18:51:52.452 [Task monitor] DEBUG nextflow.util.ThreadPoolBuilder - Creating thread pool 'TaskFinalizer' minSize=10; maxSize=24; workQueue=LinkedBlockingQueue[10000]; allowCoreThreadTimeout=false
jun-05 18:51:52.474 [Task submitter] DEBUG n.executor.local.LocalTaskHandler - Launch cmd line: /bin/bash -ue .command.run
jun-05 18:51:52.475 [Task submitter] INFO  nextflow.Session - [95/8344f3] Submitted process > trim (1)
jun-05 18:51:52.476 [TaskFinalizer-1] DEBUG nextflow.util.ThreadPoolBuilder - Creating thread pool 'PublishDir' minSize=10; maxSize=24; workQueue=LinkedBlockingQueue[10000]; allowCoreThreadTimeout=false
jun-05 18:51:53.221 [Task monitor] DEBUG n.processor.TaskPollingMonitor - Task completed > TaskHandler[id: 2; name: trim (1); status: COMPLETED; exit: 0; error: -; workDir: /Users/fabio/newcloud/new/mapping.capture/work/95/8344f306944fcde747c0b17d8d88a5]
jun-05 18:51:53.260 [Task submitter] DEBUG n.executor.local.LocalTaskHandler - Launch cmd line: /bin/bash -ue .command.run
jun-05 18:51:53.261 [Task submitter] INFO  nextflow.Session - [55/48c1c7] Submitted process > align_se (1)
jun-05 18:51:53.264 [Task submitter] DEBUG n.executor.local.LocalTaskHandler - Launch cmd line: /bin/bash -ue .command.run
jun-05 18:51:53.264 [Task submitter] INFO  nextflow.Session - [06/8f0332] Submitted process > align_pe (1)
jun-05 18:51:53.832 [Task monitor] DEBUG n.processor.TaskPollingMonitor - Task completed > TaskHandler[id: 4; name: align_se (1); status: COMPLETED; exit: 0; error: -; workDir: /Users/fabio/newcloud/new/mapping.capture/work/55/48c1c7a7d4d32613641dc7e4ac8358]
jun-05 18:51:53.832 [Task monitor] DEBUG n.processor.TaskPollingMonitor - Task completed > TaskHandler[id: 3; name: align_pe (1); status: COMPLETED; exit: 0; error: -; workDir: /Users/fabio/newcloud/new/mapping.capture/work/06/8f0332deb624fef9e2f259d6ab9827]
jun-05 18:51:53.856 [Task submitter] DEBUG n.executor.local.LocalTaskHandler - Launch cmd line: /bin/bash -ue .command.run
jun-05 18:51:53.856 [Task submitter] INFO  nextflow.Session - [f9/e925c1] Submitted process > merge_sepe (1)
jun-05 18:51:54.351 [Task monitor] DEBUG n.processor.TaskPollingMonitor - Task completed > TaskHandler[id: 5; name: merge_sepe (1); status: COMPLETED; exit: 0; error: -; workDir: /Users/fabio/newcloud/new/mapping.capture/work/f9/e925c174de5c9f5a575727185591d9]
jun-05 18:51:54.372 [Task submitter] DEBUG n.executor.local.LocalTaskHandler - Launch cmd line: /bin/bash -ue .command.run
jun-05 18:51:54.372 [Task submitter] INFO  nextflow.Session - [f5/d59869] Submitted process > rmdup (1)
jun-05 18:51:55.256 [Task monitor] DEBUG n.processor.TaskPollingMonitor - Task completed > TaskHandler[id: 6; name: rmdup (1); status: COMPLETED; exit: 0; error: -; workDir: /Users/fabio/newcloud/new/mapping.capture/work/f5/d598697800c8654dc51bc2acfe980d]
jun-05 18:51:55.267 [Task submitter] DEBUG n.executor.local.LocalTaskHandler - Launch cmd line: /bin/bash -ue .command.run
jun-05 18:51:55.267 [Task submitter] INFO  nextflow.Session - [96/6b11ff] Submitted process > filterQuality (1)
jun-05 18:51:55.322 [Task monitor] DEBUG n.processor.TaskPollingMonitor - Task completed > TaskHandler[id: 7; name: filterQuality (1); status: COMPLETED; exit: 0; error: -; workDir: /Users/fabio/newcloud/new/mapping.capture/work/96/6b11ffa0c6eb96e6663db7079ceda6]
jun-05 18:51:55.324 [main] DEBUG nextflow.Session - Session await > all processes finished
jun-05 18:51:55.426 [Task monitor] DEBUG n.processor.TaskPollingMonitor - <<< barrier arrives (monitor: local) - terminating tasks monitor poll loop
jun-05 18:51:55.427 [main] DEBUG nextflow.Session - Session await > all barriers passed
jun-05 18:51:55.428 [main] DEBUG nextflow.util.ThreadPoolManager - Thread pool 'TaskFinalizer' shutdown completed (hard=false)
jun-05 18:51:55.429 [main] DEBUG nextflow.util.ThreadPoolManager - Thread pool 'PublishDir' shutdown completed (hard=false)
jun-05 18:51:55.434 [main] DEBUG n.trace.WorkflowStatsObserver - Workflow completed > WorkflowStats[succeededCount=7; failedCount=0; ignoredCount=0; cachedCount=0; pendingCount=0; submittedCount=0; runningCount=0; retriesCount=0; abortedCount=0; succeedDuration=2.9s; failedDuration=0ms; cachedDuration=0ms;loadCpus=0; loadMemory=0; peakRunning=2; peakCpus=2; peakMemory=0; ]
jun-05 18:51:55.649 [main] DEBUG nextflow.cache.CacheDB - Closing CacheDB done
jun-05 18:51:55.665 [main] DEBUG nextflow.util.ThreadPoolManager - Thread pool 'FileTransfer' shutdown completed (hard=false)
jun-05 18:51:55.666 [main] DEBUG nextflow.script.ScriptRunner - > Execution complete -- Goodbye
