mar-20 16:14:19.746 [main] DEBUG nextflow.cli.Launcher - $> nextflow run main.nf
mar-20 16:14:19.786 [main] INFO  nextflow.cli.CmdRun - N E X T F L O W  ~  version 23.10.1
mar-20 16:14:19.803 [main] DEBUG nextflow.plugin.PluginsFacade - Setting up plugin manager > mode=prod; embedded=false; plugins-dir=/Users/fabio/.nextflow/plugins; core-plugins: nf-amazon@2.1.4,nf-azure@1.3.3,nf-cloudcache@0.3.0,nf-codecommit@0.1.5,nf-console@1.0.6,nf-ga4gh@1.1.0,nf-google@1.8.3,nf-tower@1.6.3,nf-wave@1.0.1
mar-20 16:14:19.809 [main] INFO  o.pf4j.DefaultPluginStatusProvider - Enabled plugins: []
mar-20 16:14:19.810 [main] INFO  o.pf4j.DefaultPluginStatusProvider - Disabled plugins: []
mar-20 16:14:19.811 [main] INFO  org.pf4j.DefaultPluginManager - PF4J version 3.4.1 in 'deployment' mode
mar-20 16:14:19.818 [main] INFO  org.pf4j.AbstractPluginManager - No plugins
mar-20 16:14:19.829 [main] DEBUG nextflow.config.ConfigBuilder - Found config local: /Users/fabio/Library/CloudStorage/GoogleDrive-fabio.barteri@upf.edu/Mi unidad/workflows/RR/reviveandrestore/nextflow.config
mar-20 16:14:19.829 [main] DEBUG nextflow.config.ConfigBuilder - Parsing config file: /Users/fabio/Library/CloudStorage/GoogleDrive-fabio.barteri@upf.edu/Mi unidad/workflows/RR/reviveandrestore/nextflow.config
mar-20 16:14:19.844 [main] DEBUG nextflow.config.ConfigBuilder - Applying config profile: `standard`
mar-20 16:14:20.147 [main] DEBUG nextflow.cli.CmdRun - Applied DSL=2 from script declararion
mar-20 16:14:20.166 [main] INFO  nextflow.cli.CmdRun - Launching `main.nf` [sharp_poitras] DSL2 - revision: 03fa27f846
mar-20 16:14:20.166 [main] DEBUG nextflow.plugin.PluginsFacade - Plugins default=[]
mar-20 16:14:20.166 [main] DEBUG nextflow.plugin.PluginsFacade - Plugins resolved requirement=[]
mar-20 16:14:20.175 [main] DEBUG n.secret.LocalSecretsProvider - Secrets store: /Users/fabio/.nextflow/secrets/store.json
mar-20 16:14:20.179 [main] DEBUG nextflow.secret.SecretsLoader - Discovered secrets providers: [nextflow.secret.LocalSecretsProvider@65c33b92] - activable => nextflow.secret.LocalSecretsProvider@65c33b92
mar-20 16:14:20.225 [main] DEBUG nextflow.Session - Session UUID: 52b26c81-eeaa-4cc3-97c0-c711e0b90f71
mar-20 16:14:20.225 [main] DEBUG nextflow.Session - Run name: sharp_poitras
mar-20 16:14:20.225 [main] DEBUG nextflow.Session - Executor pool size: 8
mar-20 16:14:20.231 [main] DEBUG nextflow.file.FilePorter - File porter settings maxRetries=3; maxTransfers=50; pollTimeout=null
mar-20 16:14:20.235 [main] DEBUG nextflow.util.ThreadPoolBuilder - Creating thread pool 'FileTransfer' minSize=10; maxSize=24; workQueue=LinkedBlockingQueue[10000]; allowCoreThreadTimeout=false
mar-20 16:14:20.264 [main] DEBUG nextflow.cli.CmdRun - 
  Version: 23.10.1 build 5891
  Created: 12-01-2024 22:01 UTC (23:01 CEST)
  System: Mac OS X 14.3.1
  Runtime: Groovy 3.0.19 on Java HotSpot(TM) 64-Bit Server VM 17.0.6+9-LTS-190
  Encoding: UTF-8 (UTF-8)
  Process: 32341@McClintock.local [172.33.3.174]
  CPUs: 8 - Mem: 8 GB (163.8 MB) - Swap: 3 GB (1.6 GB)
mar-20 16:14:20.275 [main] DEBUG nextflow.Session - Work-dir: /Users/fabio/Library/CloudStorage/GoogleDrive-fabio.barteri@upf.edu/Mi unidad/workflows/RR/reviveandrestore/work [Mac OS X]
mar-20 16:14:20.275 [main] DEBUG nextflow.Session - Script base path does not exist or is not a directory: /Users/fabio/Library/CloudStorage/GoogleDrive-fabio.barteri@upf.edu/Mi unidad/workflows/RR/reviveandrestore/bin
mar-20 16:14:20.284 [main] DEBUG nextflow.executor.ExecutorFactory - Extension executors providers=[]
mar-20 16:14:20.291 [main] DEBUG nextflow.Session - Observer factory: DefaultObserverFactory
mar-20 16:14:20.305 [main] DEBUG nextflow.cache.CacheFactory - Using Nextflow cache factory: nextflow.cache.DefaultCacheFactory
mar-20 16:14:20.313 [main] DEBUG nextflow.util.CustomThreadPool - Creating default thread pool > poolSize: 9; maxThreads: 1000
mar-20 16:14:20.367 [main] DEBUG nextflow.Session - Session start
mar-20 16:14:20.563 [main] DEBUG nextflow.script.ScriptRunner - > Launching execution
mar-20 16:14:20.570 [main] INFO  nextflow.script.BaseScript - /Users/fabio/Library/CloudStorage/GoogleDrive-fabio.barteri@upf.edu/Mi unidad/workflows/RR/reviveandrestore
mar-20 16:14:20.570 [main] INFO  nextflow.script.BaseScript - /Users/fabio/Library/CloudStorage/GoogleDrive-fabio.barteri@upf.edu/Mi unidad/workflows/RR/reviveandrestore/log
mar-20 16:14:20.622 [main] DEBUG nextflow.executor.ExecutorFactory - << taskConfig executor: null
mar-20 16:14:20.622 [main] DEBUG nextflow.executor.ExecutorFactory - >> processorType: 'local'
mar-20 16:14:20.625 [main] DEBUG nextflow.executor.Executor - [warm up] executor > local
mar-20 16:14:20.630 [main] DEBUG n.processor.LocalPollingMonitor - Creating local task monitor for executor 'local' > cpus=8; memory=8 GB; capacity=8; pollInterval=100ms; dumpInterval=5m
mar-20 16:14:20.631 [main] DEBUG n.processor.TaskPollingMonitor - >>> barrier register (monitor: local)
mar-20 16:14:20.695 [main] DEBUG nextflow.executor.ExecutorFactory - << taskConfig executor: null
mar-20 16:14:20.695 [main] DEBUG nextflow.executor.ExecutorFactory - >> processorType: 'local'
mar-20 16:14:20.706 [main] DEBUG nextflow.Session - Workflow process names [dsl2]: convertToUpper, splitLetters
mar-20 16:14:20.706 [main] DEBUG nextflow.Session - Igniting dataflow network (2)
mar-20 16:14:20.707 [main] DEBUG nextflow.processor.TaskProcessor - Starting process > splitLetters
mar-20 16:14:20.707 [main] DEBUG nextflow.processor.TaskProcessor - Starting process > convertToUpper
mar-20 16:14:20.707 [main] DEBUG nextflow.script.ScriptRunner - Parsed script files:
  Script_eb523c68d06ec382: /Users/fabio/Library/CloudStorage/GoogleDrive-fabio.barteri@upf.edu/Mi unidad/workflows/RR/reviveandrestore/main.nf
mar-20 16:14:20.707 [main] DEBUG nextflow.script.ScriptRunner - > Awaiting termination 
mar-20 16:14:20.707 [main] DEBUG nextflow.Session - Session await
mar-20 16:14:20.781 [Task submitter] DEBUG n.executor.local.LocalTaskHandler - Launch cmd line: /bin/bash -ue .command.run
mar-20 16:14:20.782 [Task submitter] INFO  nextflow.Session - [a9/70d4dc] Submitted process > splitLetters
mar-20 16:14:20.812 [Task monitor] DEBUG n.processor.TaskPollingMonitor - Task completed > TaskHandler[id: 1; name: splitLetters; status: COMPLETED; exit: 0; error: -; workDir: /Users/fabio/Library/CloudStorage/GoogleDrive-fabio.barteri@upf.edu/Mi unidad/workflows/RR/reviveandrestore/work/a9/70d4dca8f26d942ae8ca57058c11b5]
mar-20 16:14:20.846 [Task submitter] DEBUG n.executor.local.LocalTaskHandler - Launch cmd line: /bin/bash -ue .command.run
mar-20 16:14:20.846 [Task submitter] INFO  nextflow.Session - [1c/de6999] Submitted process > convertToUpper (2)
mar-20 16:14:20.850 [Task submitter] DEBUG n.executor.local.LocalTaskHandler - Launch cmd line: /bin/bash -ue .command.run
mar-20 16:14:20.851 [Task submitter] INFO  nextflow.Session - [f3/48381a] Submitted process > convertToUpper (1)
mar-20 16:14:20.874 [Task monitor] DEBUG n.processor.TaskPollingMonitor - Task completed > TaskHandler[id: 3; name: convertToUpper (2); status: COMPLETED; exit: 0; error: -; workDir: /Users/fabio/Library/CloudStorage/GoogleDrive-fabio.barteri@upf.edu/Mi unidad/workflows/RR/reviveandrestore/work/1c/de69993c42416ede9a8d30e915d299]
mar-20 16:14:20.876 [Task monitor] DEBUG n.processor.TaskPollingMonitor - Task completed > TaskHandler[id: 2; name: convertToUpper (1); status: COMPLETED; exit: 0; error: -; workDir: /Users/fabio/Library/CloudStorage/GoogleDrive-fabio.barteri@upf.edu/Mi unidad/workflows/RR/reviveandrestore/work/f3/48381a177a814951ef936eac2fcd52]
mar-20 16:14:20.877 [main] DEBUG nextflow.Session - Session await > all processes finished
mar-20 16:14:20.878 [Task monitor] DEBUG n.processor.TaskPollingMonitor - <<< barrier arrives (monitor: local) - terminating tasks monitor poll loop
mar-20 16:14:20.878 [main] DEBUG nextflow.Session - Session await > all barriers passed
mar-20 16:14:20.881 [main] DEBUG n.trace.WorkflowStatsObserver - Workflow completed > WorkflowStats[succeededCount=3; failedCount=0; ignoredCount=0; cachedCount=0; pendingCount=0; submittedCount=0; runningCount=0; retriesCount=0; abortedCount=0; succeedDuration=3ms; failedDuration=0ms; cachedDuration=0ms;loadCpus=0; loadMemory=0; peakRunning=1; peakCpus=1; peakMemory=0; ]
mar-20 16:14:21.037 [main] DEBUG nextflow.cache.CacheDB - Closing CacheDB done
mar-20 16:14:21.094 [main] DEBUG nextflow.util.ThreadPoolManager - Thread pool 'FileTransfer' shutdown completed (hard=false)
mar-20 16:14:21.095 [main] DEBUG nextflow.script.ScriptRunner - > Execution complete -- Goodbye
