Read1 before filtering:
total reads: 807
total bases: 121050
Q20 bases: 0(0%)
Q30 bases: 0(0%)

Read2 before filtering:
total reads: 807
total bases: 121050
Q20 bases: 0(0%)
Q30 bases: 0(0%)

Merged and filtered:
total reads: 2
total bases: 403
Q20 bases: 0(0%)
Q30 bases: 0(0%)

Filtering result:
reads passed filter: 1580
reads failed due to low quality: 0
reads failed due to too many N: 32
reads failed due to too short: 2
reads with adapter trimmed: 6
bases trimmed due to adapters: 326
reads corrected by overlap analysis: 0
bases corrected by overlap analysis: 0

Duplication rate: 0%

Insert size peak (evaluated by paired-end reads): 16

Read pairs merged: 2
% of original read pairs: 0.247831%
% in reads after filtering: 100%


JSON report: fastp.json
HTML report: test_R.report.html

fastp -i test_R_demultiplexed_R1.fastq -I test_R_demultiplexed_R2.fastq --merge --merged_out test_R.merged.fastq --out1 test_R_trimmed_R1.fastq --out2 test_R_trimmed_R2.fastq --unpaired1 test_R_trimmed_unpaired_R1.fastq --unpaired2 test_R_trimmed_unpaired_R2.fastq --overlap_len_require 11 --detect_adapter_for_pe -p --adapter_sequence=AGATCGGAAGAGCACACGTCTGAACTCCAGTCA --adapter_sequence_r2=AGATCGGAAGAGCGTCGTGTAGGGAAAGAGTGT --trim_poly_g --poly_g_min_len 10 --length_required 30 --html test_R.report.html 
fastp v0.23.4, time used: 0 seconds
