INFO	2024-06-05 19:41:22	MarkDuplicates	

********** NOTE: Picard's command line syntax is changing.
**********
********** For more information, please see:
********** 
https://github.com/broadinstitute/picard/wiki/Command-Line-Syntax-Transition-For-Users-(Pre-Transition)
**********
********** The command line looks like this in the new syntax:
**********
**********    MarkDuplicates -I pL4811A1_hP37_srtd.bam -O pL4811A1_hP37_rmdups.bam -MAX_FILE_HANDLES_FOR_READ_ENDS_MAP 1000 -METRICS_FILE pL4811A1_hP37_rmdups.bam.stats -REMOVE_DUPLICATES true -ASSUME_SORTED true -MAX_RECORDS_IN_RAM 1500000 -VALIDATION_STRINGENCY SILENT -CREATE_INDEX true -COMPRESSION_LEVEL 9
**********


jun 05, 2024 7:41:22 P. M. com.intel.gkl.NativeLibraryLoader load
INFO: Loading libgkl_compression.dylib from jar:file:/Users/fabio/newcloud/reviveandrestore/mapping.capture/software/picard/build/libs/picard.jar!/com/intel/gkl/native/libgkl_compression.dylib
jun 05, 2024 7:41:22 P. M. com.intel.gkl.NativeLibraryLoader load
WARNING: Unable to load libgkl_compression.dylib from native/libgkl_compression.dylib (Can't load library: /Users/fabio/newcloud/new/output/temp/fabio/libgkl_compression13037993008111913484.dylib)
jun 05, 2024 7:41:22 P. M. com.intel.gkl.NativeLibraryLoader load
INFO: Loading libgkl_compression.dylib from jar:file:/Users/fabio/newcloud/reviveandrestore/mapping.capture/software/picard/build/libs/picard.jar!/com/intel/gkl/native/libgkl_compression.dylib
jun 05, 2024 7:41:22 P. M. com.intel.gkl.NativeLibraryLoader load
WARNING: Unable to load libgkl_compression.dylib from native/libgkl_compression.dylib (Can't load library: /Users/fabio/newcloud/new/output/temp/fabio/libgkl_compression9775665466975856296.dylib)
[Wed Jun 05 19:41:22 CEST 2024] MarkDuplicates MAX_FILE_HANDLES_FOR_READ_ENDS_MAP=1000 INPUT=[pL4811A1_hP37_srtd.bam] OUTPUT=pL4811A1_hP37_rmdups.bam METRICS_FILE=pL4811A1_hP37_rmdups.bam.stats REMOVE_DUPLICATES=true ASSUME_SORTED=true VALIDATION_STRINGENCY=SILENT COMPRESSION_LEVEL=9 MAX_RECORDS_IN_RAM=1500000 CREATE_INDEX=true    MAX_SEQUENCES_FOR_DISK_READ_ENDS_MAP=50000 SORTING_COLLECTION_SIZE_RATIO=0.25 TAG_DUPLICATE_SET_MEMBERS=false REMOVE_SEQUENCING_DUPLICATES=false TAGGING_POLICY=DontTag CLEAR_DT=true DUPLEX_UMI=false FLOW_MODE=false FLOW_DUP_STRATEGY=FLOW_QUALITY_SUM_STRATEGY USE_END_IN_UNPAIRED_READS=false USE_UNPAIRED_CLIPPED_END=false UNPAIRED_END_UNCERTAINTY=0 UNPAIRED_START_UNCERTAINTY=0 FLOW_SKIP_FIRST_N_FLOWS=0 FLOW_Q_IS_KNOWN_END=false FLOW_EFFECTIVE_QUALITY_THRESHOLD=15 ADD_PG_TAG_TO_READS=true DUPLICATE_SCORING_STRATEGY=SUM_OF_BASE_QUALITIES PROGRAM_RECORD_ID=MarkDuplicates PROGRAM_GROUP_NAME=MarkDuplicates READ_NAME_REGEX=<optimized capture of last three ':' separated fields as numeric values> OPTICAL_DUPLICATE_PIXEL_DISTANCE=100 MAX_OPTICAL_DUPLICATE_SET_SIZE=300000 VERBOSITY=INFO QUIET=false CREATE_MD5_FILE=false USE_JDK_DEFLATER=false USE_JDK_INFLATER=false
[Wed Jun 05 19:41:22 CEST 2024] Executing as fabio@McClintock.local on Mac OS X 14.5 aarch64; Java HotSpot(TM) 64-Bit Server VM 17.0.6+9-LTS-190; Deflater: Jdk; Inflater: Jdk; Provider GCS is available; Picard version: 3.1.1-20-gc8b2c06b2-SNAPSHOT
INFO	2024-06-05 19:41:22	MarkDuplicates	Start of doWork freeMemory: 57400032; totalMemory: 71303168; maxMemory: 8589934592
INFO	2024-06-05 19:41:22	MarkDuplicates	Reading input file and constructing read end information.
INFO	2024-06-05 19:41:22	MarkDuplicates	Will retain up to 31122951 data points before spilling to disk.
jun 05, 2024 7:41:22 P. M. com.intel.gkl.compression.IntelInflaterFactory makeInflater
WARNING: IntelInflater is not supported, using Java.util.zip.Inflater
jun 05, 2024 7:41:22 P. M. com.intel.gkl.compression.IntelInflaterFactory makeInflater
WARNING: IntelInflater is not supported, using Java.util.zip.Inflater
WARNING	2024-06-05 19:41:22	SamFiles	The index file /Users/fabio/newcloud/new/work/70/84abc0ea555c4e33fbac30255aeba5/pL4811A1_hP37_srtd.bam.bai was found by resolving the canonical path of a symlink: /Users/fabio/newcloud/new/work/c4/1b52cb1cfc0745e1f71f5759f4df39/pL4811A1_hP37_srtd.bam -> /Users/fabio/newcloud/new/work/70/84abc0ea555c4e33fbac30255aeba5/pL4811A1_hP37_srtd.bam
INFO	2024-06-05 19:41:22	MarkDuplicates	Read 0 records. 0 pairs never matched.
INFO	2024-06-05 19:41:22	MarkDuplicates	After buildSortedReadEndLists freeMemory: 202486328; totalMemory: 469762048; maxMemory: 8589934592
INFO	2024-06-05 19:41:22	MarkDuplicates	Will retain up to 268435456 duplicate indices before spilling to disk.
INFO	2024-06-05 19:41:22	MarkDuplicates	Traversing read pair information and detecting duplicates.
INFO	2024-06-05 19:41:22	MarkDuplicates	Traversing fragment information and detecting duplicates.
INFO	2024-06-05 19:41:22	MarkDuplicates	Sorting list of duplicate records.
INFO	2024-06-05 19:41:22	MarkDuplicates	After generateDuplicateIndexes freeMemory: 1896893336; totalMemory: 4064280576; maxMemory: 8589934592
INFO	2024-06-05 19:41:22	MarkDuplicates	Marking 0 records as duplicates.
INFO	2024-06-05 19:41:22	MarkDuplicates	Found 0 optical duplicate clusters.
jun 05, 2024 7:41:22 P. M. com.intel.gkl.compression.IntelInflaterFactory makeInflater
WARNING: IntelInflater is not supported, using Java.util.zip.Inflater
jun 05, 2024 7:41:22 P. M. com.intel.gkl.compression.IntelInflaterFactory makeInflater
WARNING: IntelInflater is not supported, using Java.util.zip.Inflater
WARNING	2024-06-05 19:41:22	SamFiles	The index file /Users/fabio/newcloud/new/work/70/84abc0ea555c4e33fbac30255aeba5/pL4811A1_hP37_srtd.bam.bai was found by resolving the canonical path of a symlink: /Users/fabio/newcloud/new/work/c4/1b52cb1cfc0745e1f71f5759f4df39/pL4811A1_hP37_srtd.bam -> /Users/fabio/newcloud/new/work/70/84abc0ea555c4e33fbac30255aeba5/pL4811A1_hP37_srtd.bam
INFO	2024-06-05 19:41:22	MarkDuplicates	Reads are assumed to be ordered by: coordinate
jun 05, 2024 7:41:22 P. M. com.intel.gkl.compression.IntelDeflaterFactory makeDeflater
WARNING: Intel Deflater not supported, using Java.util.zip.Deflater
INFO	2024-06-05 19:41:22	MarkDuplicates	Writing complete. Closing input iterator.
INFO	2024-06-05 19:41:22	MarkDuplicates	Duplicate Index cleanup.
INFO	2024-06-05 19:41:22	MarkDuplicates	Getting Memory Stats.
INFO	2024-06-05 19:41:22	MarkDuplicates	Before output close freeMemory: 98185024; totalMemory: 113246208; maxMemory: 8589934592
INFO	2024-06-05 19:41:22	MarkDuplicates	Closed outputs. Getting more Memory Stats.
INFO	2024-06-05 19:41:22	MarkDuplicates	After output close freeMemory: 56638504; totalMemory: 71303168; maxMemory: 8589934592
[Wed Jun 05 19:41:22 CEST 2024] picard.sam.markduplicates.MarkDuplicates done. Elapsed time: 0,01 minutes.
Runtime.totalMemory()=71303168
