[E::bwa_idx_load_from_disk] fail to locate the index files
[main_samview] fail to read the header from "-".
INFO	2024-06-04 18:51:23	AddOrReplaceReadGroups	

********** NOTE: Picard's command line syntax is changing.
**********
********** For more information, please see:
********** 
https://github.com/broadinstitute/picard/wiki/Command-Line-Syntax-Transition-For-Users-(Pre-Transition)
**********
********** The command line looks like this in the new syntax:
**********
**********    AddOrReplaceReadGroups -I /dev/stdin -O test_R_se.bam -SORT_ORDER coordinate -QUIET TRUE -COMPRESSION_LEVEL 9 -MAX_RECORDS_IN_RAM 150000 -RGLB test_R -RGPL Illumina -RGPU test_R -RGSM test_R -RGID test_R -VALIDATION_STRINGENCY SILENT
**********


jun 04, 2024 6:51:23 P. M. com.intel.gkl.NativeLibraryLoader load
INFO: Loading libgkl_compression.dylib from jar:file:/Users/fabio/newcloud/reviveandrestore/mapping.capture/software/picard/build/libs/picard.jar!/com/intel/gkl/native/libgkl_compression.dylib
jun 04, 2024 6:51:23 P. M. com.intel.gkl.NativeLibraryLoader load
WARNING: Unable to load libgkl_compression.dylib from native/libgkl_compression.dylib (Can't load library: /Users/fabio/newcloud/reviveandrestore/mapping.capture/output/temp/fabio/libgkl_compression6388272756543282609.dylib)
jun 04, 2024 6:51:23 P. M. com.intel.gkl.NativeLibraryLoader load
INFO: Loading libgkl_compression.dylib from jar:file:/Users/fabio/newcloud/reviveandrestore/mapping.capture/software/picard/build/libs/picard.jar!/com/intel/gkl/native/libgkl_compression.dylib
jun 04, 2024 6:51:23 P. M. com.intel.gkl.NativeLibraryLoader load
WARNING: Unable to load libgkl_compression.dylib from native/libgkl_compression.dylib (Can't load library: /Users/fabio/newcloud/reviveandrestore/mapping.capture/output/temp/fabio/libgkl_compression16996538340372587867.dylib)
INFO	2024-06-04 18:51:23	AddOrReplaceReadGroups	Created read-group ID=test_R PL=Illumina LB=test_R SM=test_R

jun 04, 2024 6:51:23 P. M. com.intel.gkl.compression.IntelDeflaterFactory makeDeflater
WARNING: Intel Deflater not supported, using Java.util.zip.Deflater
